I, [2016-05-13T11:37:34.670331 #5828]  INFO -- : Refreshing Gem list
/home/shimah/.rvm/gems/ruby-2.2.1@global/gems/bundler-1.8.4/lib/bundler/runtime.rb:34:in `block in setup': You have already activated rack 1.6.0, but your Gemfile requires rack 1.5.5. Prepending `bundle exec` to your command may solve this. (Gem::LoadError)
	from /home/shimah/.rvm/gems/ruby-2.2.1@global/gems/bundler-1.8.4/lib/bundler/runtime.rb:19:in `setup'
	from /home/shimah/.rvm/gems/ruby-2.2.1@global/gems/bundler-1.8.4/lib/bundler.rb:122:in `setup'
	from /home/shimah/.rvm/gems/ruby-2.2.1@global/gems/bundler-1.8.4/lib/bundler/setup.rb:18:in `<top (required)>'
	from /home/shimah/.rvm/rubies/ruby-2.2.1/lib/ruby/site_ruby/2.2.0/rubygems/core_ext/kernel_require.rb:128:in `require'
	from /home/shimah/.rvm/rubies/ruby-2.2.1/lib/ruby/site_ruby/2.2.0/rubygems/core_ext/kernel_require.rb:128:in `rescue in require'
	from /home/shimah/.rvm/rubies/ruby-2.2.1/lib/ruby/site_ruby/2.2.0/rubygems/core_ext/kernel_require.rb:39:in `require'
	from /home/shimah/rails/training_cloud/etain/config/boot.rb:4:in `<top (required)>'
	from /home/shimah/.rvm/rubies/ruby-2.2.1/lib/ruby/site_ruby/2.2.0/rubygems/core_ext/kernel_require.rb:54:in `require'
	from /home/shimah/.rvm/rubies/ruby-2.2.1/lib/ruby/site_ruby/2.2.0/rubygems/core_ext/kernel_require.rb:54:in `require'
	from /home/shimah/rails/training_cloud/etain/config/application.rb:1:in `<top (required)>'
	from /home/shimah/.rvm/rubies/ruby-2.2.1/lib/ruby/site_ruby/2.2.0/rubygems/core_ext/kernel_require.rb:54:in `require'
	from /home/shimah/.rvm/rubies/ruby-2.2.1/lib/ruby/site_ruby/2.2.0/rubygems/core_ext/kernel_require.rb:54:in `require'
	from /home/shimah/rails/training_cloud/etain/config/environment.rb:2:in `<top (required)>'
	from /home/shimah/.rvm/rubies/ruby-2.2.1/lib/ruby/site_ruby/2.2.0/rubygems/core_ext/kernel_require.rb:54:in `require'
	from /home/shimah/.rvm/rubies/ruby-2.2.1/lib/ruby/site_ruby/2.2.0/rubygems/core_ext/kernel_require.rb:54:in `require'
	from config.ru:4:in `block in <main>'
	from /home/shimah/.rvm/gems/ruby-2.2.1/gems/rack-1.6.0/lib/rack/builder.rb:55:in `instance_eval'
	from /home/shimah/.rvm/gems/ruby-2.2.1/gems/rack-1.6.0/lib/rack/builder.rb:55:in `initialize'
	from config.ru:1:in `new'
	from config.ru:1:in `<main>'
	from /home/shimah/.rvm/gems/ruby-2.2.1/gems/unicorn-5.1.0/lib/unicorn.rb:56:in `eval'
	from /home/shimah/.rvm/gems/ruby-2.2.1/gems/unicorn-5.1.0/lib/unicorn.rb:56:in `block in builder'
	from /home/shimah/.rvm/gems/ruby-2.2.1/gems/unicorn-5.1.0/lib/unicorn/http_server.rb:752:in `call'
	from /home/shimah/.rvm/gems/ruby-2.2.1/gems/unicorn-5.1.0/lib/unicorn/http_server.rb:752:in `build_app!'
	from /home/shimah/.rvm/gems/ruby-2.2.1/gems/unicorn-5.1.0/lib/unicorn/http_server.rb:129:in `start'
	from /home/shimah/.rvm/gems/ruby-2.2.1/gems/unicorn-5.1.0/bin/unicorn:126:in `<top (required)>'
	from /home/shimah/.rvm/gems/ruby-2.2.1/bin/unicorn:23:in `load'
	from /home/shimah/.rvm/gems/ruby-2.2.1/bin/unicorn:23:in `<main>'
	from /home/shimah/.rvm/gems/ruby-2.2.1/bin/ruby_executable_hooks:15:in `eval'
	from /home/shimah/.rvm/gems/ruby-2.2.1/bin/ruby_executable_hooks:15:in `<main>'
I, [2016-05-13T11:49:46.665982 #6077]  INFO -- : Refreshing Gem list
/home/shimah/.rvm/gems/ruby-2.2.1@global/gems/bundler-1.8.4/lib/bundler/runtime.rb:34:in `block in setup': You have already activated rack 1.6.0, but your Gemfile requires rack 1.5.5. Prepending `bundle exec` to your command may solve this. (Gem::LoadError)
	from /home/shimah/.rvm/gems/ruby-2.2.1@global/gems/bundler-1.8.4/lib/bundler/runtime.rb:19:in `setup'
	from /home/shimah/.rvm/gems/ruby-2.2.1@global/gems/bundler-1.8.4/lib/bundler.rb:122:in `setup'
	from /home/shimah/.rvm/gems/ruby-2.2.1@global/gems/bundler-1.8.4/lib/bundler/setup.rb:18:in `<top (required)>'
	from /home/shimah/.rvm/rubies/ruby-2.2.1/lib/ruby/site_ruby/2.2.0/rubygems/core_ext/kernel_require.rb:128:in `require'
	from /home/shimah/.rvm/rubies/ruby-2.2.1/lib/ruby/site_ruby/2.2.0/rubygems/core_ext/kernel_require.rb:128:in `rescue in require'
	from /home/shimah/.rvm/rubies/ruby-2.2.1/lib/ruby/site_ruby/2.2.0/rubygems/core_ext/kernel_require.rb:39:in `require'
	from /home/shimah/rails/training_cloud/etain/config/boot.rb:4:in `<top (required)>'
	from /home/shimah/.rvm/rubies/ruby-2.2.1/lib/ruby/site_ruby/2.2.0/rubygems/core_ext/kernel_require.rb:54:in `require'
	from /home/shimah/.rvm/rubies/ruby-2.2.1/lib/ruby/site_ruby/2.2.0/rubygems/core_ext/kernel_require.rb:54:in `require'
	from /home/shimah/rails/training_cloud/etain/config/application.rb:1:in `<top (required)>'
	from /home/shimah/.rvm/rubies/ruby-2.2.1/lib/ruby/site_ruby/2.2.0/rubygems/core_ext/kernel_require.rb:54:in `require'
	from /home/shimah/.rvm/rubies/ruby-2.2.1/lib/ruby/site_ruby/2.2.0/rubygems/core_ext/kernel_require.rb:54:in `require'
	from /home/shimah/rails/training_cloud/etain/config/environment.rb:2:in `<top (required)>'
	from /home/shimah/.rvm/rubies/ruby-2.2.1/lib/ruby/site_ruby/2.2.0/rubygems/core_ext/kernel_require.rb:54:in `require'
	from /home/shimah/.rvm/rubies/ruby-2.2.1/lib/ruby/site_ruby/2.2.0/rubygems/core_ext/kernel_require.rb:54:in `require'
	from config.ru:4:in `block in <main>'
	from /home/shimah/.rvm/gems/ruby-2.2.1/gems/rack-1.6.0/lib/rack/builder.rb:55:in `instance_eval'
	from /home/shimah/.rvm/gems/ruby-2.2.1/gems/rack-1.6.0/lib/rack/builder.rb:55:in `initialize'
	from config.ru:1:in `new'
	from config.ru:1:in `<main>'
	from /home/shimah/.rvm/gems/ruby-2.2.1/gems/unicorn-5.1.0/lib/unicorn.rb:56:in `eval'
	from /home/shimah/.rvm/gems/ruby-2.2.1/gems/unicorn-5.1.0/lib/unicorn.rb:56:in `block in builder'
	from /home/shimah/.rvm/gems/ruby-2.2.1/gems/unicorn-5.1.0/lib/unicorn/http_server.rb:752:in `call'
	from /home/shimah/.rvm/gems/ruby-2.2.1/gems/unicorn-5.1.0/lib/unicorn/http_server.rb:752:in `build_app!'
	from /home/shimah/.rvm/gems/ruby-2.2.1/gems/unicorn-5.1.0/lib/unicorn/http_server.rb:129:in `start'
	from /home/shimah/.rvm/gems/ruby-2.2.1/gems/unicorn-5.1.0/bin/unicorn:126:in `<top (required)>'
	from /home/shimah/.rvm/gems/ruby-2.2.1/bin/unicorn:23:in `load'
	from /home/shimah/.rvm/gems/ruby-2.2.1/bin/unicorn:23:in `<main>'
	from /home/shimah/.rvm/gems/ruby-2.2.1/bin/ruby_executable_hooks:15:in `eval'
	from /home/shimah/.rvm/gems/ruby-2.2.1/bin/ruby_executable_hooks:15:in `<main>'
I, [2016-05-13T11:50:53.080315 #6284]  INFO -- : Refreshing Gem list
/home/shimah/.rvm/gems/ruby-2.2.1@global/gems/bundler-1.8.4/lib/bundler/runtime.rb:34:in `block in setup': You have already activated rack 1.6.0, but your Gemfile requires rack 1.5.5. Prepending `bundle exec` to your command may solve this. (Gem::LoadError)
	from /home/shimah/.rvm/gems/ruby-2.2.1@global/gems/bundler-1.8.4/lib/bundler/runtime.rb:19:in `setup'
	from /home/shimah/.rvm/gems/ruby-2.2.1@global/gems/bundler-1.8.4/lib/bundler.rb:122:in `setup'
	from /home/shimah/.rvm/gems/ruby-2.2.1@global/gems/bundler-1.8.4/lib/bundler/setup.rb:18:in `<top (required)>'
	from /home/shimah/.rvm/rubies/ruby-2.2.1/lib/ruby/site_ruby/2.2.0/rubygems/core_ext/kernel_require.rb:128:in `require'
	from /home/shimah/.rvm/rubies/ruby-2.2.1/lib/ruby/site_ruby/2.2.0/rubygems/core_ext/kernel_require.rb:128:in `rescue in require'
	from /home/shimah/.rvm/rubies/ruby-2.2.1/lib/ruby/site_ruby/2.2.0/rubygems/core_ext/kernel_require.rb:39:in `require'
	from /home/shimah/rails/training_cloud/etain/config/boot.rb:4:in `<top (required)>'
	from /home/shimah/.rvm/rubies/ruby-2.2.1/lib/ruby/site_ruby/2.2.0/rubygems/core_ext/kernel_require.rb:54:in `require'
	from /home/shimah/.rvm/rubies/ruby-2.2.1/lib/ruby/site_ruby/2.2.0/rubygems/core_ext/kernel_require.rb:54:in `require'
	from /home/shimah/rails/training_cloud/etain/config/application.rb:1:in `<top (required)>'
	from /home/shimah/.rvm/rubies/ruby-2.2.1/lib/ruby/site_ruby/2.2.0/rubygems/core_ext/kernel_require.rb:54:in `require'
	from /home/shimah/.rvm/rubies/ruby-2.2.1/lib/ruby/site_ruby/2.2.0/rubygems/core_ext/kernel_require.rb:54:in `require'
	from /home/shimah/rails/training_cloud/etain/config/environment.rb:2:in `<top (required)>'
	from /home/shimah/.rvm/rubies/ruby-2.2.1/lib/ruby/site_ruby/2.2.0/rubygems/core_ext/kernel_require.rb:54:in `require'
	from /home/shimah/.rvm/rubies/ruby-2.2.1/lib/ruby/site_ruby/2.2.0/rubygems/core_ext/kernel_require.rb:54:in `require'
	from config.ru:4:in `block in <main>'
	from /home/shimah/.rvm/gems/ruby-2.2.1/gems/rack-1.6.0/lib/rack/builder.rb:55:in `instance_eval'
	from /home/shimah/.rvm/gems/ruby-2.2.1/gems/rack-1.6.0/lib/rack/builder.rb:55:in `initialize'
	from config.ru:1:in `new'
	from config.ru:1:in `<main>'
	from /home/shimah/.rvm/gems/ruby-2.2.1/gems/unicorn-5.1.0/lib/unicorn.rb:56:in `eval'
	from /home/shimah/.rvm/gems/ruby-2.2.1/gems/unicorn-5.1.0/lib/unicorn.rb:56:in `block in builder'
	from /home/shimah/.rvm/gems/ruby-2.2.1/gems/unicorn-5.1.0/lib/unicorn/http_server.rb:752:in `call'
	from /home/shimah/.rvm/gems/ruby-2.2.1/gems/unicorn-5.1.0/lib/unicorn/http_server.rb:752:in `build_app!'
	from /home/shimah/.rvm/gems/ruby-2.2.1/gems/unicorn-5.1.0/lib/unicorn/http_server.rb:129:in `start'
	from /home/shimah/.rvm/gems/ruby-2.2.1/gems/unicorn-5.1.0/bin/unicorn:126:in `<top (required)>'
	from /home/shimah/.rvm/gems/ruby-2.2.1/bin/unicorn:23:in `load'
	from /home/shimah/.rvm/gems/ruby-2.2.1/bin/unicorn:23:in `<main>'
	from /home/shimah/.rvm/gems/ruby-2.2.1/bin/ruby_executable_hooks:15:in `eval'
	from /home/shimah/.rvm/gems/ruby-2.2.1/bin/ruby_executable_hooks:15:in `<main>'
I, [2016-05-13T11:51:14.679916 #6488]  INFO -- : Refreshing Gem list
/home/shimah/.rvm/gems/ruby-2.2.1@global/gems/bundler-1.8.4/lib/bundler/runtime.rb:34:in `block in setup': You have already activated rack 1.6.0, but your Gemfile requires rack 1.5.5. Prepending `bundle exec` to your command may solve this. (Gem::LoadError)
	from /home/shimah/.rvm/gems/ruby-2.2.1@global/gems/bundler-1.8.4/lib/bundler/runtime.rb:19:in `setup'
	from /home/shimah/.rvm/gems/ruby-2.2.1@global/gems/bundler-1.8.4/lib/bundler.rb:122:in `setup'
	from /home/shimah/.rvm/gems/ruby-2.2.1@global/gems/bundler-1.8.4/lib/bundler/setup.rb:18:in `<top (required)>'
	from /home/shimah/.rvm/rubies/ruby-2.2.1/lib/ruby/site_ruby/2.2.0/rubygems/core_ext/kernel_require.rb:128:in `require'
	from /home/shimah/.rvm/rubies/ruby-2.2.1/lib/ruby/site_ruby/2.2.0/rubygems/core_ext/kernel_require.rb:128:in `rescue in require'
	from /home/shimah/.rvm/rubies/ruby-2.2.1/lib/ruby/site_ruby/2.2.0/rubygems/core_ext/kernel_require.rb:39:in `require'
	from /home/shimah/rails/training_cloud/etain/config/boot.rb:4:in `<top (required)>'
	from /home/shimah/.rvm/rubies/ruby-2.2.1/lib/ruby/site_ruby/2.2.0/rubygems/core_ext/kernel_require.rb:54:in `require'
	from /home/shimah/.rvm/rubies/ruby-2.2.1/lib/ruby/site_ruby/2.2.0/rubygems/core_ext/kernel_require.rb:54:in `require'
	from /home/shimah/rails/training_cloud/etain/config/application.rb:1:in `<top (required)>'
	from /home/shimah/.rvm/rubies/ruby-2.2.1/lib/ruby/site_ruby/2.2.0/rubygems/core_ext/kernel_require.rb:54:in `require'
	from /home/shimah/.rvm/rubies/ruby-2.2.1/lib/ruby/site_ruby/2.2.0/rubygems/core_ext/kernel_require.rb:54:in `require'
	from /home/shimah/rails/training_cloud/etain/config/environment.rb:2:in `<top (required)>'
	from /home/shimah/.rvm/rubies/ruby-2.2.1/lib/ruby/site_ruby/2.2.0/rubygems/core_ext/kernel_require.rb:54:in `require'
	from /home/shimah/.rvm/rubies/ruby-2.2.1/lib/ruby/site_ruby/2.2.0/rubygems/core_ext/kernel_require.rb:54:in `require'
	from config.ru:4:in `block in <main>'
	from /home/shimah/.rvm/gems/ruby-2.2.1/gems/rack-1.6.0/lib/rack/builder.rb:55:in `instance_eval'
	from /home/shimah/.rvm/gems/ruby-2.2.1/gems/rack-1.6.0/lib/rack/builder.rb:55:in `initialize'
	from config.ru:1:in `new'
	from config.ru:1:in `<main>'
	from /home/shimah/.rvm/gems/ruby-2.2.1/gems/unicorn-5.1.0/lib/unicorn.rb:56:in `eval'
	from /home/shimah/.rvm/gems/ruby-2.2.1/gems/unicorn-5.1.0/lib/unicorn.rb:56:in `block in builder'
	from /home/shimah/.rvm/gems/ruby-2.2.1/gems/unicorn-5.1.0/lib/unicorn/http_server.rb:752:in `call'
	from /home/shimah/.rvm/gems/ruby-2.2.1/gems/unicorn-5.1.0/lib/unicorn/http_server.rb:752:in `build_app!'
	from /home/shimah/.rvm/gems/ruby-2.2.1/gems/unicorn-5.1.0/lib/unicorn/http_server.rb:129:in `start'
	from /home/shimah/.rvm/gems/ruby-2.2.1/gems/unicorn-5.1.0/bin/unicorn:126:in `<top (required)>'
	from /home/shimah/.rvm/gems/ruby-2.2.1/bin/unicorn:23:in `load'
	from /home/shimah/.rvm/gems/ruby-2.2.1/bin/unicorn:23:in `<main>'
	from /home/shimah/.rvm/gems/ruby-2.2.1/bin/ruby_executable_hooks:15:in `eval'
	from /home/shimah/.rvm/gems/ruby-2.2.1/bin/ruby_executable_hooks:15:in `<main>'
I, [2016-05-13T11:51:58.781117 #6695]  INFO -- : Refreshing Gem list
/home/shimah/.rvm/gems/ruby-2.2.1@global/gems/bundler-1.8.4/lib/bundler/runtime.rb:34:in `block in setup': You have already activated rack 1.6.0, but your Gemfile requires rack 1.5.5. Prepending `bundle exec` to your command may solve this. (Gem::LoadError)
	from /home/shimah/.rvm/gems/ruby-2.2.1@global/gems/bundler-1.8.4/lib/bundler/runtime.rb:19:in `setup'
	from /home/shimah/.rvm/gems/ruby-2.2.1@global/gems/bundler-1.8.4/lib/bundler.rb:122:in `setup'
	from /home/shimah/.rvm/gems/ruby-2.2.1@global/gems/bundler-1.8.4/lib/bundler/setup.rb:18:in `<top (required)>'
	from /home/shimah/.rvm/rubies/ruby-2.2.1/lib/ruby/site_ruby/2.2.0/rubygems/core_ext/kernel_require.rb:128:in `require'
	from /home/shimah/.rvm/rubies/ruby-2.2.1/lib/ruby/site_ruby/2.2.0/rubygems/core_ext/kernel_require.rb:128:in `rescue in require'
	from /home/shimah/.rvm/rubies/ruby-2.2.1/lib/ruby/site_ruby/2.2.0/rubygems/core_ext/kernel_require.rb:39:in `require'
	from /home/shimah/rails/training_cloud/etain/config/boot.rb:4:in `<top (required)>'
	from /home/shimah/.rvm/rubies/ruby-2.2.1/lib/ruby/site_ruby/2.2.0/rubygems/core_ext/kernel_require.rb:54:in `require'
	from /home/shimah/.rvm/rubies/ruby-2.2.1/lib/ruby/site_ruby/2.2.0/rubygems/core_ext/kernel_require.rb:54:in `require'
	from /home/shimah/rails/training_cloud/etain/config/application.rb:1:in `<top (required)>'
	from /home/shimah/.rvm/rubies/ruby-2.2.1/lib/ruby/site_ruby/2.2.0/rubygems/core_ext/kernel_require.rb:54:in `require'
	from /home/shimah/.rvm/rubies/ruby-2.2.1/lib/ruby/site_ruby/2.2.0/rubygems/core_ext/kernel_require.rb:54:in `require'
	from /home/shimah/rails/training_cloud/etain/config/environment.rb:2:in `<top (required)>'
	from /home/shimah/.rvm/rubies/ruby-2.2.1/lib/ruby/site_ruby/2.2.0/rubygems/core_ext/kernel_require.rb:54:in `require'
	from /home/shimah/.rvm/rubies/ruby-2.2.1/lib/ruby/site_ruby/2.2.0/rubygems/core_ext/kernel_require.rb:54:in `require'
	from config.ru:4:in `block in <main>'
	from /home/shimah/.rvm/gems/ruby-2.2.1/gems/rack-1.6.0/lib/rack/builder.rb:55:in `instance_eval'
	from /home/shimah/.rvm/gems/ruby-2.2.1/gems/rack-1.6.0/lib/rack/builder.rb:55:in `initialize'
	from config.ru:1:in `new'
	from config.ru:1:in `<main>'
	from /home/shimah/.rvm/gems/ruby-2.2.1/gems/unicorn-5.1.0/lib/unicorn.rb:56:in `eval'
	from /home/shimah/.rvm/gems/ruby-2.2.1/gems/unicorn-5.1.0/lib/unicorn.rb:56:in `block in builder'
	from /home/shimah/.rvm/gems/ruby-2.2.1/gems/unicorn-5.1.0/lib/unicorn/http_server.rb:752:in `call'
	from /home/shimah/.rvm/gems/ruby-2.2.1/gems/unicorn-5.1.0/lib/unicorn/http_server.rb:752:in `build_app!'
	from /home/shimah/.rvm/gems/ruby-2.2.1/gems/unicorn-5.1.0/lib/unicorn/http_server.rb:129:in `start'
	from /home/shimah/.rvm/gems/ruby-2.2.1/gems/unicorn-5.1.0/bin/unicorn:126:in `<top (required)>'
	from /home/shimah/.rvm/gems/ruby-2.2.1/bin/unicorn:23:in `load'
	from /home/shimah/.rvm/gems/ruby-2.2.1/bin/unicorn:23:in `<main>'
	from /home/shimah/.rvm/gems/ruby-2.2.1/bin/ruby_executable_hooks:15:in `eval'
	from /home/shimah/.rvm/gems/ruby-2.2.1/bin/ruby_executable_hooks:15:in `<main>'
I, [2016-05-13T11:54:57.095539 #6916]  INFO -- : Refreshing Gem list
/home/shimah/.rvm/gems/ruby-2.2.1@global/gems/bundler-1.8.4/lib/bundler/runtime.rb:34:in `block in setup': You have already activated rack 1.6.0, but your Gemfile requires rack 1.5.5. Prepending `bundle exec` to your command may solve this. (Gem::LoadError)
	from /home/shimah/.rvm/gems/ruby-2.2.1@global/gems/bundler-1.8.4/lib/bundler/runtime.rb:19:in `setup'
	from /home/shimah/.rvm/gems/ruby-2.2.1@global/gems/bundler-1.8.4/lib/bundler.rb:122:in `setup'
	from /home/shimah/.rvm/gems/ruby-2.2.1@global/gems/bundler-1.8.4/lib/bundler/setup.rb:18:in `<top (required)>'
	from /home/shimah/.rvm/rubies/ruby-2.2.1/lib/ruby/site_ruby/2.2.0/rubygems/core_ext/kernel_require.rb:128:in `require'
	from /home/shimah/.rvm/rubies/ruby-2.2.1/lib/ruby/site_ruby/2.2.0/rubygems/core_ext/kernel_require.rb:128:in `rescue in require'
	from /home/shimah/.rvm/rubies/ruby-2.2.1/lib/ruby/site_ruby/2.2.0/rubygems/core_ext/kernel_require.rb:39:in `require'
	from /home/shimah/rails/training_cloud/etain/config/boot.rb:4:in `<top (required)>'
	from /home/shimah/.rvm/rubies/ruby-2.2.1/lib/ruby/site_ruby/2.2.0/rubygems/core_ext/kernel_require.rb:54:in `require'
	from /home/shimah/.rvm/rubies/ruby-2.2.1/lib/ruby/site_ruby/2.2.0/rubygems/core_ext/kernel_require.rb:54:in `require'
	from /home/shimah/rails/training_cloud/etain/config/application.rb:1:in `<top (required)>'
	from /home/shimah/.rvm/rubies/ruby-2.2.1/lib/ruby/site_ruby/2.2.0/rubygems/core_ext/kernel_require.rb:54:in `require'
	from /home/shimah/.rvm/rubies/ruby-2.2.1/lib/ruby/site_ruby/2.2.0/rubygems/core_ext/kernel_require.rb:54:in `require'
	from /home/shimah/rails/training_cloud/etain/config/environment.rb:2:in `<top (required)>'
	from /home/shimah/.rvm/rubies/ruby-2.2.1/lib/ruby/site_ruby/2.2.0/rubygems/core_ext/kernel_require.rb:54:in `require'
	from /home/shimah/.rvm/rubies/ruby-2.2.1/lib/ruby/site_ruby/2.2.0/rubygems/core_ext/kernel_require.rb:54:in `require'
	from config.ru:4:in `block in <main>'
	from /home/shimah/.rvm/gems/ruby-2.2.1/gems/rack-1.6.0/lib/rack/builder.rb:55:in `instance_eval'
	from /home/shimah/.rvm/gems/ruby-2.2.1/gems/rack-1.6.0/lib/rack/builder.rb:55:in `initialize'
	from config.ru:1:in `new'
	from config.ru:1:in `<main>'
	from /home/shimah/.rvm/gems/ruby-2.2.1/gems/unicorn-5.1.0/lib/unicorn.rb:56:in `eval'
	from /home/shimah/.rvm/gems/ruby-2.2.1/gems/unicorn-5.1.0/lib/unicorn.rb:56:in `block in builder'
	from /home/shimah/.rvm/gems/ruby-2.2.1/gems/unicorn-5.1.0/lib/unicorn/http_server.rb:752:in `call'
	from /home/shimah/.rvm/gems/ruby-2.2.1/gems/unicorn-5.1.0/lib/unicorn/http_server.rb:752:in `build_app!'
	from /home/shimah/.rvm/gems/ruby-2.2.1/gems/unicorn-5.1.0/lib/unicorn/http_server.rb:129:in `start'
	from /home/shimah/.rvm/gems/ruby-2.2.1/gems/unicorn-5.1.0/bin/unicorn:126:in `<top (required)>'
	from /home/shimah/.rvm/gems/ruby-2.2.1/bin/unicorn:23:in `load'
	from /home/shimah/.rvm/gems/ruby-2.2.1/bin/unicorn:23:in `<main>'
	from /home/shimah/.rvm/gems/ruby-2.2.1/bin/ruby_executable_hooks:15:in `eval'
	from /home/shimah/.rvm/gems/ruby-2.2.1/bin/ruby_executable_hooks:15:in `<main>'
